c:\users\奇点\source\repos\salasystem\debug\salasystem.pch
c:\users\奇点\source\repos\salasystem\debug\vc142.pdb
c:\users\奇点\source\repos\salasystem\debug\vc142.idb
c:\users\奇点\source\repos\salasystem\debug\pch.obj
c:\users\奇点\source\repos\salasystem\debug\salasystemview.obj
c:\users\奇点\source\repos\salasystem\debug\salasystemdoc.obj
c:\users\奇点\source\repos\salasystem\debug\salasystem.obj
c:\users\奇点\source\repos\salasystem\debug\person.obj
c:\users\奇点\source\repos\salasystem\debug\manager.obj
c:\users\奇点\source\repos\salasystem\debug\mainfrm.obj
c:\users\奇点\source\repos\salasystem\debug\judgeuser.obj
c:\users\奇点\source\repos\salasystem\debug\employee.obj
c:\users\奇点\source\repos\salasystem\debug\cuser.obj
c:\users\奇点\source\repos\salasystem\debug\csell.obj
c:\users\奇点\source\repos\salasystem\debug\cselecview.obj
c:\users\奇点\source\repos\salasystem\debug\clogin.obj
c:\users\奇点\source\repos\salasystem\debug\cfile.obj
c:\users\奇点\source\repos\salasystem\debug\cdisplay.obj
c:\users\奇点\source\repos\salasystem\debug\csell_out.obj
c:\users\奇点\source\repos\salasystem\debug\cinfo.obj
c:\users\奇点\source\repos\salasystem\debug\csort.obj
c:\users\奇点\source\repos\salasystem\debug\cnull.obj
c:\users\奇点\source\repos\salasystem\debug\salasystem.exe
c:\users\奇点\source\repos\salasystem\debug\salasystem.ilk
c:\users\奇点\source\repos\salasystem\debug\salasystem.pdb
c:\users\奇点\source\repos\salasystem\debug\salasystem.res
c:\users\奇点\source\repos\salasystem\debug\salasystem.tlog\cl.command.1.tlog
c:\users\奇点\source\repos\salasystem\debug\salasystem.tlog\cl.read.1.tlog
c:\users\奇点\source\repos\salasystem\debug\salasystem.tlog\cl.write.1.tlog
c:\users\奇点\source\repos\salasystem\debug\salasystem.tlog\link.command.1.tlog
c:\users\奇点\source\repos\salasystem\debug\salasystem.tlog\link.read.1.tlog
c:\users\奇点\source\repos\salasystem\debug\salasystem.tlog\link.write.1.tlog
c:\users\奇点\source\repos\salasystem\debug\salasystem.tlog\rc.command.1.tlog
c:\users\奇点\source\repos\salasystem\debug\salasystem.tlog\rc.read.1.tlog
c:\users\奇点\source\repos\salasystem\debug\salasystem.tlog\rc.write.1.tlog
