  pch.cpp
  Cdisplay.cpp
  Cfile.cpp
C:\Users\奇点\source\repos\SalaSystem\Cfile.h(10,9): error C3646: “name”: 未知重写说明符
C:\Users\奇点\source\repos\SalaSystem\Cfile.h(10,13): error C4430: 缺少类型说明符 - 假定为 int。注意: C++ 不支持默认 int
C:\Users\奇点\source\repos\SalaSystem\Cfile.cpp(6,19): warning C4129: “ ”: 不可识别的字符转义序列
C:\Users\奇点\source\repos\SalaSystem\Cfile.cpp(6,19): warning C4129: “S”: 不可识别的字符转义序列
C:\Users\奇点\source\repos\SalaSystem\Cfile.cpp(22,20): warning C4129: “ ”: 不可识别的字符转义序列
C:\Users\奇点\source\repos\SalaSystem\Cfile.cpp(22,20): warning C4129: “S”: 不可识别的字符转义序列
C:\Users\奇点\source\repos\SalaSystem\Cfile.cpp(35,19): warning C4129: “ ”: 不可识别的字符转义序列
C:\Users\奇点\source\repos\SalaSystem\Cfile.cpp(35,19): warning C4129: “S”: 不可识别的字符转义序列
C:\Users\奇点\source\repos\SalaSystem\Cfile.cpp(55,7): error C2039: "name": 不是 "msg" 的成员
C:\Users\奇点\source\repos\SalaSystem\Cfile.h(7): message : 参见“msg”的声明
C:\Users\奇点\source\repos\SalaSystem\Cfile.cpp(44,15): error C4996: 'strtok': This function or variable may be unsafe. Consider using strtok_s instead. To disable deprecation, use _CRT_SECURE_NO_WARNINGS. See online help for details.
C:\Users\奇点\source\repos\SalaSystem\Cfile.cpp(54,9): error C4996: 'strtok': This function or variable may be unsafe. Consider using strtok_s instead. To disable deprecation, use _CRT_SECURE_NO_WARNINGS. See online help for details.
C:\Users\奇点\source\repos\SalaSystem\Cfile.cpp(57,9): error C4996: 'strtok': This function or variable may be unsafe. Consider using strtok_s instead. To disable deprecation, use _CRT_SECURE_NO_WARNINGS. See online help for details.
C:\Users\奇点\source\repos\SalaSystem\Cfile.cpp(60,9): error C4996: 'strtok': This function or variable may be unsafe. Consider using strtok_s instead. To disable deprecation, use _CRT_SECURE_NO_WARNINGS. See online help for details.
C:\Users\奇点\source\repos\SalaSystem\Cfile.cpp(72,20): warning C4129: “ ”: 不可识别的字符转义序列
C:\Users\奇点\source\repos\SalaSystem\Cfile.cpp(72,20): warning C4129: “S”: 不可识别的字符转义序列
C:\Users\奇点\source\repos\SalaSystem\Cfile.cpp(84,20): error C2039: "name": 不是 "msg" 的成员
C:\Users\奇点\source\repos\SalaSystem\Cfile.h(7): message : 参见“msg”的声明
  Clogin.cpp
  Cselecview.cpp
  CUser.cpp
  MainFrm.cpp
  SalaSystem.cpp
  SalaSystemDoc.cpp
  SalaSystemView.cpp
